\BOOKMARK [0][-]{chapter.1}{Introduction g\351n\351rale}{}% 1
\BOOKMARK [1][-]{section.1.1}{Introduction}{chapter.1}% 2
\BOOKMARK [1][-]{section.1.2}{Description par chapitre}{chapter.1}% 3
\BOOKMARK [0][-]{chapter.2}{Extraction des caract\351ristiques}{}% 4
\BOOKMARK [1][-]{section.2.1}{Introduction}{chapter.2}% 5
\BOOKMARK [1][-]{section.2.2}{Description locale des images}{chapter.2}% 6
\BOOKMARK [1][-]{section.2.3}{M\351thode SIFT \(Scale-invariant feature transform\)}{chapter.2}% 7
\BOOKMARK [2][-]{subsection.2.3.1}{Introduction}{section.2.3}% 8
\BOOKMARK [2][-]{subsection.2.3.2}{D\351tection d'extrema dans l'espace des \351chelles}{section.2.3}% 9
\BOOKMARK [2][-]{subsection.2.3.3}{Localisation pr\351cise de points d'int\351r\352t}{section.2.3}% 10
\BOOKMARK [2][-]{subsection.2.3.4}{Assignation d'orientation}{section.2.3}% 11
\BOOKMARK [2][-]{subsection.2.3.5}{Descripteur de point d'int\351r\352t}{section.2.3}% 12
\BOOKMARK [1][-]{section.2.4}{M\351thode BoW \(Bag of word\)}{chapter.2}% 13
\BOOKMARK [0][-]{chapter.3}{Apprentissage automatique}{}% 14
\BOOKMARK [1][-]{section.3.1}{Introduction}{chapter.3}% 15
\BOOKMARK [1][-]{section.3.2}{M\351thode SVM \(Support Vector Machine\)}{chapter.3}% 16
\BOOKMARK [1][-]{section.3.3}{M\351thode SVM avec SGD \(Stochastic gradient descent\)}{chapter.3}% 17
\BOOKMARK [1][-]{section.3.4}{M\351thode MC-SGD \(Multi Class - Stochastic gradient descent\)}{chapter.3}% 18
\BOOKMARK [0][-]{chapter.4}{Impl\351mentation}{}% 19
\BOOKMARK [1][-]{section.4.1}{Introduction}{chapter.4}% 20
\BOOKMARK [1][-]{section.4.2}{Repr\351sentation par des descripteurs et m\351thode sac de mots}{chapter.4}% 21
\BOOKMARK [1][-]{section.4.3}{Apprentissage automatique}{chapter.4}% 22
\BOOKMARK [2][-]{subsection.4.3.1}{Descente de gradient stochastique \(SGD\)}{section.4.3}% 23
\BOOKMARK [2][-]{subsection.4.3.2}{Descente de gradient stochastique pour multi-classe \(MC-SGD\)}{section.4.3}% 24
\BOOKMARK [2][-]{subsection.4.3.3}{Parall\351lisation de MC-SGD}{section.4.3}% 25
\BOOKMARK [0][-]{chapter.5}{R\351sultat obtenue}{}% 26
\BOOKMARK [1][-]{section.5.1}{Introduction}{chapter.5}% 27
\BOOKMARK [1][-]{section.5.2}{M\351thode SGD-SVM}{chapter.5}% 28
\BOOKMARK [1][-]{section.5.3}{M\351thode MC-SGD}{chapter.5}% 29
\BOOKMARK [1][-]{section.5.4}{Classification d'images avec MC-SGD}{chapter.5}% 30
\BOOKMARK [0][-]{chapter.6}{Conclusion et perspectives}{}% 31
\BOOKMARK [0][-]{section*.20}{References}{}% 32
